Using pre-set license
Built from '2020.3/release' branch; Version is '2020.3.2f1 (8fd9074bf66c) revision 9427207'; Using compiler version '192528614'; Build Type 'Release'
OS: 'Windows 10 Home; OS build 19044.1826; Version 2009; 64bit' Language: 'en' Physical Memory: 32759 MB
BatchMode: 1, IsHumanControllingUs: 0, StartBugReporterOnCrash: 0, Is64bit: 1, IsPro: 0

 COMMAND LINE ARGUMENTS:
C:\Program Files\Unity\Hub\Editor\2020.3.2f1\Editor\Unity.exe
-adb2
-batchMode
-noUpm
-name
AssetImportWorker0
-projectPath
C:/Project Labrat
-logFile
Logs/AssetImportWorker0.log
-srvPort
49901
Successfully changed project path to: C:/Project Labrat
C:/Project Labrat
Using Asset Import Pipeline V2.
Refreshing native plugins compatible for Editor in 40.05 ms, found 0 plugins.
Preloading 0 native plugins for Editor in 0.00 ms.
Initialize engine version: 2020.3.2f1 (8fd9074bf66c)
[Subsystems] Discovering subsystems at path C:/Program Files/Unity/Hub/Editor/2020.3.2f1/Editor/Data/Resources/UnitySubsystems
[Subsystems] Discovering subsystems at path C:/Project Labrat/Assets
GfxDevice: creating device client; threaded=0
Direct3D:
    Version:  Direct3D 11.0 [level 11.1]
    Renderer: NVIDIA GeForce GTX 950 (ID=0x1402)
    Vendor:   
    VRAM:     2007 MB
    Driver:   30.0.15.1295
Initialize mono
Mono path[0] = 'C:/Program Files/Unity/Hub/Editor/2020.3.2f1/Editor/Data/Managed'
Mono path[1] = 'C:/Program Files/Unity/Hub/Editor/2020.3.2f1/Editor/Data/MonoBleedingEdge/lib/mono/unityjit'
Mono config path = 'C:/Program Files/Unity/Hub/Editor/2020.3.2f1/Editor/Data/MonoBleedingEdge/etc'
Using monoOptions --debugger-agent=transport=dt_socket,embedding=1,server=y,suspend=n,address=127.0.0.1:56000
Begin MonoManager ReloadAssembly
Registering precompiled unity dll's ...
Register platform support module: C:/Program Files/Unity/Hub/Editor/2020.3.2f1/Editor/Data/PlaybackEngines/WebGLSupport/UnityEditor.WebGL.Extensions.dll
Register platform support module: C:/Program Files/Unity/Hub/Editor/2020.3.2f1/Editor/Data/PlaybackEngines/MacStandaloneSupport/UnityEditor.OSXStandalone.Extensions.dll
Register platform support module: C:/Program Files/Unity/Hub/Editor/2020.3.2f1/Editor/Data/PlaybackEngines/WindowsStandaloneSupport/UnityEditor.WindowsStandalone.Extensions.dll
Register platform support module: C:/Program Files/Unity/Hub/Editor/2020.3.2f1/Editor/Data/PlaybackEngines/LinuxStandaloneSupport/UnityEditor.LinuxStandalone.Extensions.dll
Registered in 0.007201 seconds.
Native extension for LinuxStandalone target not found
Native extension for WindowsStandalone target not found
Native extension for OSXStandalone target not found
Native extension for WebGL target not found
Refreshing native plugins compatible for Editor in 57.17 ms, found 0 plugins.
Preloading 0 native plugins for Editor in 0.00 ms.
Invoked RoslynAnalysisRunner static constructor.
RoslynAnalysisRunner will not be running.
RoslynAnalysisRunner has terminated.
Mono: successfully reloaded assembly
- Completed reload, in  5.008 seconds
Platform modules already initialized, skipping
Registering precompiled user dll's ...
Registered in 0.001934 seconds.
Begin MonoManager ReloadAssembly
Native extension for LinuxStandalone target not found
Native extension for WindowsStandalone target not found
Native extension for OSXStandalone target not found
Native extension for WebGL target not found
Refreshing native plugins compatible for Editor in 0.40 ms, found 0 plugins.
Preloading 0 native plugins for Editor in 0.00 ms.
Invoked RoslynAnalysisRunner static constructor.
RoslynAnalysisRunner will not be running.
RoslynAnalysisRunner has terminated.
Mono: successfully reloaded assembly
- Completed reload, in  2.035 seconds
Platform modules already initialized, skipping
========================================================================
Worker process is ready to serve import requests
Launched and connected shader compiler UnityShaderCompiler.exe after 0.11 seconds
Refreshing native plugins compatible for Editor in 0.52 ms, found 0 plugins.
Preloading 0 native plugins for Editor in 0.00 ms.
Unloading 1133 Unused Serialized files (Serialized files now loaded: 0)
System memory in use before: 69.7 MB.
System memory in use after: 69.8 MB.

Unloading 9 unused Assets to reduce memory usage. Loaded Objects now: 1591.
Total: 3.145000 ms (FindLiveObjects: 0.355300 ms CreateObjectMapping: 0.084700 ms MarkObjects: 2.576900 ms  DeleteObjects: 0.125700 ms)

========================================================================
Received Import Request.
  path: Assets/Scripts/MobLogicAlpha.cs
  artifactKey: Guid(c3e46f07b9a205242b223ca2353e36ab) Importer(815301076,1909f56bfc062723c751e8b465ee728b)
Start importing Assets/Scripts/MobLogicAlpha.cs using Guid(c3e46f07b9a205242b223ca2353e36ab) Importer(815301076,1909f56bfc062723c751e8b465ee728b)  -> (artifact id: '4e882a47f10247f3b872255c45b168e2') in 0.052781 seconds
  Import took 0.057570 seconds .

========================================================================
Received Import Request.
  Time since last request: 11226.505697 seconds.
  path: Assets/Prefabs/Mobs/Nemling Alpha.prefab
  artifactKey: Guid(e4e8cf3c23758734c8fa099fad039757) Importer(815301076,1909f56bfc062723c751e8b465ee728b)
Start importing Assets/Prefabs/Mobs/Nemling Alpha.prefab using Guid(e4e8cf3c23758734c8fa099fad039757) Importer(815301076,1909f56bfc062723c751e8b465ee728b)  -> (artifact id: '72bfe9cf314c44733ec9a4c53dd2c300') in 0.147935 seconds
  Import took 0.152439 seconds .

========================================================================
Received Import Request.
  Time since last request: 192.522801 seconds.
  path: Assets/Scripts/Previous
  artifactKey: Guid(2f5c9788ea004dd499df43adec6f40da) Importer(815301076,1909f56bfc062723c751e8b465ee728b)
Start importing Assets/Scripts/Previous using Guid(2f5c9788ea004dd499df43adec6f40da) Importer(815301076,1909f56bfc062723c751e8b465ee728b)  -> (artifact id: 'a45d1210a28ecfbd77268caff289fcaf') in 0.003050 seconds
  Import took 0.006805 seconds .

========================================================================
Received Prepare
Registering precompiled user dll's ...
Registered in 0.001451 seconds.
Begin MonoManager ReloadAssembly
Native extension for LinuxStandalone target not found
Native extension for WindowsStandalone target not found
Native extension for OSXStandalone target not found
Native extension for WebGL target not found
Refreshing native plugins compatible for Editor in 0.38 ms, found 0 plugins.
Preloading 0 native plugins for Editor in 0.00 ms.
Invoked RoslynAnalysisRunner static constructor.
RoslynAnalysisRunner will not be running.
RoslynAnalysisRunner has terminated.
Mono: successfully reloaded assembly
- Completed reload, in  1.245 seconds
Platform modules already initialized, skipping
Refreshing native plugins compatible for Editor in 0.44 ms, found 0 plugins.
Preloading 0 native plugins for Editor in 0.00 ms.
Unloading 1128 Unused Serialized files (Serialized files now loaded: 0)
System memory in use before: 72.8 MB.
System memory in use after: 72.9 MB.

Unloading 5 unused Assets to reduce memory usage. Loaded Objects now: 1601.
Total: 2.297900 ms (FindLiveObjects: 0.187800 ms CreateObjectMapping: 0.065400 ms MarkObjects: 1.973700 ms  DeleteObjects: 0.069400 ms)

========================================================================
Received Import Request.
  Time since last request: 54.142352 seconds.
  path: Assets/Scripts/MobIdle.cs
  artifactKey: Guid(4a630d627ec6a8546a749cfb9f594a70) Importer(815301076,1909f56bfc062723c751e8b465ee728b)
Start importing Assets/Scripts/MobIdle.cs using Guid(4a630d627ec6a8546a749cfb9f594a70) Importer(815301076,1909f56bfc062723c751e8b465ee728b)  -> (artifact id: 'aeafde4e656565cf971ea34e43174150') in 0.006196 seconds
  Import took 0.009915 seconds .

========================================================================
Received Prepare
Registering precompiled user dll's ...
Registered in 0.001304 seconds.
Begin MonoManager ReloadAssembly
Native extension for LinuxStandalone target not found
Native extension for WindowsStandalone target not found
Native extension for OSXStandalone target not found
Native extension for WebGL target not found
Refreshing native plugins compatible for Editor in 0.37 ms, found 0 plugins.
Preloading 0 native plugins for Editor in 0.00 ms.
Invoked RoslynAnalysisRunner static constructor.
RoslynAnalysisRunner will not be running.
RoslynAnalysisRunner has terminated.
Mono: successfully reloaded assembly
- Completed reload, in  1.278 seconds
Platform modules already initialized, skipping
Refreshing native plugins compatible for Editor in 0.38 ms, found 0 plugins.
Preloading 0 native plugins for Editor in 0.00 ms.
Unloading 1129 Unused Serialized files (Serialized files now loaded: 0)
System memory in use before: 72.8 MB.
System memory in use after: 72.9 MB.

Unloading 5 unused Assets to reduce memory usage. Loaded Objects now: 1605.
Total: 2.253700 ms (FindLiveObjects: 0.187900 ms CreateObjectMapping: 0.066700 ms MarkObjects: 1.910900 ms  DeleteObjects: 0.086200 ms)

========================================================================
Received Prepare
Registering precompiled user dll's ...
Registered in 0.001350 seconds.
Begin MonoManager ReloadAssembly
Native extension for LinuxStandalone target not found
Native extension for WindowsStandalone target not found
Native extension for OSXStandalone target not found
Native extension for WebGL target not found
Refreshing native plugins compatible for Editor in 0.37 ms, found 0 plugins.
Preloading 0 native plugins for Editor in 0.00 ms.
Invoked RoslynAnalysisRunner static constructor.
RoslynAnalysisRunner will not be running.
RoslynAnalysisRunner has terminated.
Mono: successfully reloaded assembly
- Completed reload, in  1.255 seconds
Platform modules already initialized, skipping
Refreshing native plugins compatible for Editor in 0.39 ms, found 0 plugins.
Preloading 0 native plugins for Editor in 0.00 ms.
Unloading 1128 Unused Serialized files (Serialized files now loaded: 0)
System memory in use before: 72.8 MB.
System memory in use after: 72.9 MB.

Unloading 6 unused Assets to reduce memory usage. Loaded Objects now: 1607.
Total: 2.426000 ms (FindLiveObjects: 0.233500 ms CreateObjectMapping: 0.070300 ms MarkObjects: 2.031000 ms  DeleteObjects: 0.089400 ms)

========================================================================
Received Import Request.
  Time since last request: 26.382302 seconds.
  path: Assets/Scripts/Mob_Logic.cs
  artifactKey: Guid(c3e46f07b9a205242b223ca2353e36ab) Importer(815301076,1909f56bfc062723c751e8b465ee728b)
Start importing Assets/Scripts/Mob_Logic.cs using Guid(c3e46f07b9a205242b223ca2353e36ab) Importer(815301076,1909f56bfc062723c751e8b465ee728b)  -> (artifact id: '2b29a6c0c400f31abf94bea64d43671a') in 0.005929 seconds
  Import took 0.009541 seconds .

========================================================================
Received Prepare
Registering precompiled user dll's ...
Registered in 0.001342 seconds.
Begin MonoManager ReloadAssembly
Native extension for LinuxStandalone target not found
Native extension for WindowsStandalone target not found
Native extension for OSXStandalone target not found
Native extension for WebGL target not found
Refreshing native plugins compatible for Editor in 0.39 ms, found 0 plugins.
Preloading 0 native plugins for Editor in 0.00 ms.
Invoked RoslynAnalysisRunner static constructor.
RoslynAnalysisRunner will not be running.
RoslynAnalysisRunner has terminated.
Mono: successfully reloaded assembly
- Completed reload, in  1.250 seconds
Platform modules already initialized, skipping
Refreshing native plugins compatible for Editor in 0.38 ms, found 0 plugins.
Preloading 0 native plugins for Editor in 0.00 ms.
Unloading 1128 Unused Serialized files (Serialized files now loaded: 0)
System memory in use before: 72.8 MB.
System memory in use after: 72.9 MB.

Unloading 5 unused Assets to reduce memory usage. Loaded Objects now: 1610.
Total: 2.510800 ms (FindLiveObjects: 0.327500 ms CreateObjectMapping: 0.082500 ms MarkObjects: 2.016100 ms  DeleteObjects: 0.083000 ms)

========================================================================
Received Prepare
Registering precompiled user dll's ...
Registered in 0.001292 seconds.
Begin MonoManager ReloadAssembly
Native extension for LinuxStandalone target not found
Native extension for WindowsStandalone target not found
Native extension for OSXStandalone target not found
Native extension for WebGL target not found
Refreshing native plugins compatible for Editor in 0.38 ms, found 0 plugins.
Preloading 0 native plugins for Editor in 0.00 ms.
Invoked RoslynAnalysisRunner static constructor.
RoslynAnalysisRunner will not be running.
RoslynAnalysisRunner has terminated.
Mono: successfully reloaded assembly
- Completed reload, in  1.252 seconds
Platform modules already initialized, skipping
Refreshing native plugins compatible for Editor in 0.45 ms, found 0 plugins.
Preloading 0 native plugins for Editor in 0.00 ms.
Unloading 1127 Unused Serialized files (Serialized files now loaded: 0)
System memory in use before: 72.8 MB.
System memory in use after: 72.9 MB.

Unloading 6 unused Assets to reduce memory usage. Loaded Objects now: 1612.
Total: 2.477600 ms (FindLiveObjects: 0.217200 ms CreateObjectMapping: 0.066400 ms MarkObjects: 2.094200 ms  DeleteObjects: 0.097700 ms)

========================================================================
Received Import Request.
  Time since last request: 60.489776 seconds.
  path: Assets/Scripts/Mob_Logic.cs
  artifactKey: Guid(c3e46f07b9a205242b223ca2353e36ab) Importer(815301076,1909f56bfc062723c751e8b465ee728b)
Start importing Assets/Scripts/Mob_Logic.cs using Guid(c3e46f07b9a205242b223ca2353e36ab) Importer(815301076,1909f56bfc062723c751e8b465ee728b)  -> (artifact id: '48bca025dc3a9a85601e7f85e7d5afb0') in 0.005203 seconds
  Import took 0.010073 seconds .

========================================================================
Received Import Request.
  Time since last request: 0.000933 seconds.
  path: Assets/Scripts/Mob_Logic.cs
  artifactKey: Guid(c3e46f07b9a205242b223ca2353e36ab) Importer(815301076,1909f56bfc062723c751e8b465ee728b)
Start importing Assets/Scripts/Mob_Logic.cs using Guid(c3e46f07b9a205242b223ca2353e36ab) Importer(815301076,1909f56bfc062723c751e8b465ee728b)  -> (artifact id: '48bca025dc3a9a85601e7f85e7d5afb0') in 0.002378 seconds
  Import took 0.005485 seconds .

========================================================================
Received Prepare
Registering precompiled user dll's ...
Registered in 0.001290 seconds.
Begin MonoManager ReloadAssembly
Native extension for LinuxStandalone target not found
Native extension for WindowsStandalone target not found
Native extension for OSXStandalone target not found
Native extension for WebGL target not found
Refreshing native plugins compatible for Editor in 0.54 ms, found 0 plugins.
Preloading 0 native plugins for Editor in 0.00 ms.
Invoked RoslynAnalysisRunner static constructor.
RoslynAnalysisRunner will not be running.
RoslynAnalysisRunner has terminated.
Mono: successfully reloaded assembly
- Completed reload, in  1.469 seconds
Platform modules already initialized, skipping
Refreshing native plugins compatible for Editor in 0.41 ms, found 0 plugins.
Preloading 0 native plugins for Editor in 0.00 ms.
Unloading 1128 Unused Serialized files (Serialized files now loaded: 0)
System memory in use before: 72.9 MB.
System memory in use after: 72.9 MB.

Unloading 5 unused Assets to reduce memory usage. Loaded Objects now: 1616.
Total: 2.513800 ms (FindLiveObjects: 0.356000 ms CreateObjectMapping: 0.079100 ms MarkObjects: 1.989300 ms  DeleteObjects: 0.087000 ms)

========================================================================
Received Import Request.
  Time since last request: 1166.189902 seconds.
  path: Assets/Scripts/Mob_Logic.cs
  artifactKey: Guid(c3e46f07b9a205242b223ca2353e36ab) Importer(815301076,1909f56bfc062723c751e8b465ee728b)
Start importing Assets/Scripts/Mob_Logic.cs using Guid(c3e46f07b9a205242b223ca2353e36ab) Importer(815301076,1909f56bfc062723c751e8b465ee728b)  -> (artifact id: '9bb05671a41d2bb0a8d95a2ea28adf97') in 0.006291 seconds
  Import took 0.010284 seconds .

========================================================================
Received Import Request.
  Time since last request: 0.001172 seconds.
  path: Assets/Scripts/Mob_Logic.cs
  artifactKey: Guid(c3e46f07b9a205242b223ca2353e36ab) Importer(815301076,1909f56bfc062723c751e8b465ee728b)
Start importing Assets/Scripts/Mob_Logic.cs using Guid(c3e46f07b9a205242b223ca2353e36ab) Importer(815301076,1909f56bfc062723c751e8b465ee728b)  -> (artifact id: '9bb05671a41d2bb0a8d95a2ea28adf97') in 0.002537 seconds
  Import took 0.004921 seconds .

========================================================================
Received Prepare
Registering precompiled user dll's ...
Registered in 0.001492 seconds.
Begin MonoManager ReloadAssembly
Native extension for LinuxStandalone target not found
Native extension for WindowsStandalone target not found
Native extension for OSXStandalone target not found
Native extension for WebGL target not found
Refreshing native plugins compatible for Editor in 0.38 ms, found 0 plugins.
Preloading 0 native plugins for Editor in 0.00 ms.
Invoked RoslynAnalysisRunner static constructor.
RoslynAnalysisRunner will not be running.
RoslynAnalysisRunner has terminated.
Mono: successfully reloaded assembly
- Completed reload, in  1.275 seconds
Platform modules already initialized, skipping
Refreshing native plugins compatible for Editor in 0.37 ms, found 0 plugins.
Preloading 0 native plugins for Editor in 0.00 ms.
Unloading 1128 Unused Serialized files (Serialized files now loaded: 0)
System memory in use before: 72.9 MB.
System memory in use after: 72.9 MB.

Unloading 5 unused Assets to reduce memory usage. Loaded Objects now: 1619.
Total: 2.424600 ms (FindLiveObjects: 0.198000 ms CreateObjectMapping: 0.066500 ms MarkObjects: 2.065900 ms  DeleteObjects: 0.092600 ms)

========================================================================
Received Import Request.
  Time since last request: 50.585326 seconds.
  path: Assets/Scripts/Mob_Logic.cs
  artifactKey: Guid(c3e46f07b9a205242b223ca2353e36ab) Importer(815301076,1909f56bfc062723c751e8b465ee728b)
Start importing Assets/Scripts/Mob_Logic.cs using Guid(c3e46f07b9a205242b223ca2353e36ab) Importer(815301076,1909f56bfc062723c751e8b465ee728b)  -> (artifact id: '151c225f2c62692bfd2b9e90b4121580') in 0.005353 seconds
  Import took 0.010422 seconds .

========================================================================
Received Prepare
Registering precompiled user dll's ...
Registered in 0.001865 seconds.
Begin MonoManager ReloadAssembly
Native extension for LinuxStandalone target not found
Native extension for WindowsStandalone target not found
Native extension for OSXStandalone target not found
Native extension for WebGL target not found
Refreshing native plugins compatible for Editor in 0.42 ms, found 0 plugins.
Preloading 0 native plugins for Editor in 0.00 ms.
Invoked RoslynAnalysisRunner static constructor.
RoslynAnalysisRunner will not be running.
RoslynAnalysisRunner has terminated.
Mono: successfully reloaded assembly
- Completed reload, in  1.677 seconds
Platform modules already initialized, skipping
Refreshing native plugins compatible for Editor in 0.54 ms, found 0 plugins.
Preloading 0 native plugins for Editor in 0.00 ms.
Unloading 1128 Unused Serialized files (Serialized files now loaded: 0)
System memory in use before: 72.9 MB.
System memory in use after: 72.9 MB.

Unloading 5 unused Assets to reduce memory usage. Loaded Objects now: 1622.
Total: 2.567500 ms (FindLiveObjects: 0.203300 ms CreateObjectMapping: 0.065300 ms MarkObjects: 2.195800 ms  DeleteObjects: 0.100900 ms)

========================================================================
Received Import Request.
  Time since last request: 248.740700 seconds.
  path: Assets/Prefabs/Mobs/Nemling Alpha.prefab
  artifactKey: Guid(e4e8cf3c23758734c8fa099fad039757) Importer(815301076,1909f56bfc062723c751e8b465ee728b)
Start importing Assets/Prefabs/Mobs/Nemling Alpha.prefab using Guid(e4e8cf3c23758734c8fa099fad039757) Importer(815301076,1909f56bfc062723c751e8b465ee728b)  -> (artifact id: 'c9bf8032e18c4b94859cc9c7127c8704') in 0.328457 seconds
  Import took 0.345760 seconds .

========================================================================
Received Import Request.
  Time since last request: 0.019858 seconds.
  path: Assets/Prefabs/Mobs/Nemling Alpha.prefab
  artifactKey: Guid(e4e8cf3c23758734c8fa099fad039757) Importer(815301076,1909f56bfc062723c751e8b465ee728b)
Start importing Assets/Prefabs/Mobs/Nemling Alpha.prefab using Guid(e4e8cf3c23758734c8fa099fad039757) Importer(815301076,1909f56bfc062723c751e8b465ee728b)  -> (artifact id: 'c9bf8032e18c4b94859cc9c7127c8704') in 0.315811 seconds
  Import took 0.333365 seconds .

========================================================================
Received Import Request.
  Time since last request: 464.539425 seconds.
  path: Assets/Prefabs/Level/Set Pieces/Lab Base Layout 1.prefab
  artifactKey: Guid(820eb391073333848ae8dfc7c7e42a49) Importer(815301076,1909f56bfc062723c751e8b465ee728b)
Start importing Assets/Prefabs/Level/Set Pieces/Lab Base Layout 1.prefab using Guid(820eb391073333848ae8dfc7c7e42a49) Importer(815301076,1909f56bfc062723c751e8b465ee728b)  -> (artifact id: '5882f18df46978d5f0330d9731f5a1e7') in 0.078442 seconds
  Import took 0.085670 seconds .

========================================================================
Received Import Request.
  Time since last request: 0.000264 seconds.
  path: Assets/Prefabs/Level/Set Pieces/Lab Shell 4x4.prefab
  artifactKey: Guid(efd88a30a47086f41b27ab9e1cff0c6b) Importer(815301076,1909f56bfc062723c751e8b465ee728b)
Start importing Assets/Prefabs/Level/Set Pieces/Lab Shell 4x4.prefab using Guid(efd88a30a47086f41b27ab9e1cff0c6b) Importer(815301076,1909f56bfc062723c751e8b465ee728b)  -> (artifact id: '82596f732960e71766a7b636d582f0db') in 0.021636 seconds
  Import took 0.025168 seconds .

========================================================================
Received Import Request.
  Time since last request: 0.000245 seconds.
  path: Assets/Prefabs/Level/Set Pieces/Lab Walls 4x4.prefab
  artifactKey: Guid(0273972e0cd4dca42947a4f329656fb4) Importer(815301076,1909f56bfc062723c751e8b465ee728b)
Start importing Assets/Prefabs/Level/Set Pieces/Lab Walls 4x4.prefab using Guid(0273972e0cd4dca42947a4f329656fb4) Importer(815301076,1909f56bfc062723c751e8b465ee728b)  -> (artifact id: '2d8b84d06007db5c1b50bb0d7996a178') in 0.021130 seconds
  Import took 0.024500 seconds .

========================================================================
Received Import Request.
  Time since last request: 0.000256 seconds.
  path: Assets/Prefabs/Level/Set Pieces/Lab Walls Hallway.prefab
  artifactKey: Guid(0f2f2b7bb23b544458b8fac0fe1dc562) Importer(815301076,1909f56bfc062723c751e8b465ee728b)
Start importing Assets/Prefabs/Level/Set Pieces/Lab Walls Hallway.prefab using Guid(0f2f2b7bb23b544458b8fac0fe1dc562) Importer(815301076,1909f56bfc062723c751e8b465ee728b)  -> (artifact id: '989c6e3da02f90dcbf91f2ed01547576') in 0.014610 seconds
  Import took 0.018386 seconds .

========================================================================
Received Import Request.
  Time since last request: 0.000273 seconds.
  path: Assets/Prefabs/Level/Set Pieces/Lab Shell Hallway.prefab
  artifactKey: Guid(d38bfd43ee10fa1409bcbcefe52137c4) Importer(815301076,1909f56bfc062723c751e8b465ee728b)
Start importing Assets/Prefabs/Level/Set Pieces/Lab Shell Hallway.prefab using Guid(d38bfd43ee10fa1409bcbcefe52137c4) Importer(815301076,1909f56bfc062723c751e8b465ee728b)  -> (artifact id: '9f3282c76be2da6a0afc1c7c597eaf9a') in 0.014185 seconds
  Import took 0.017438 seconds .

========================================================================
Received Import Request.
  Time since last request: 0.000276 seconds.
  path: Assets/Prefabs/Level/Set Pieces/Lab Shell 3x3.prefab
  artifactKey: Guid(d8cac40407a5d9d428ad2b1076fb8b8d) Importer(815301076,1909f56bfc062723c751e8b465ee728b)
Start importing Assets/Prefabs/Level/Set Pieces/Lab Shell 3x3.prefab using Guid(d8cac40407a5d9d428ad2b1076fb8b8d) Importer(815301076,1909f56bfc062723c751e8b465ee728b)  -> (artifact id: '54720ecadafadf444e2476dcfa9d6f52') in 0.016837 seconds
  Import took 0.020301 seconds .

========================================================================
Received Import Request.
  Time since last request: 0.000228 seconds.
  path: Assets/Prefabs/Level/Set Pieces/Lab Walls 3x3.prefab
  artifactKey: Guid(c78d7292c8e7bff40a030f961ed3ae59) Importer(815301076,1909f56bfc062723c751e8b465ee728b)
Start importing Assets/Prefabs/Level/Set Pieces/Lab Walls 3x3.prefab using Guid(c78d7292c8e7bff40a030f961ed3ae59) Importer(815301076,1909f56bfc062723c751e8b465ee728b)  -> (artifact id: 'b3c2a8940effef8aebf9d7bdd536eae3') in 0.016036 seconds
  Import took 0.020006 seconds .

========================================================================
Received Import Request.
  Time since last request: 0.000229 seconds.
  path: Assets/Prefabs/Level/Set Pieces/Lab Shell Hallway.prefab
  artifactKey: Guid(d38bfd43ee10fa1409bcbcefe52137c4) Importer(815301076,1909f56bfc062723c751e8b465ee728b)
Start importing Assets/Prefabs/Level/Set Pieces/Lab Shell Hallway.prefab using Guid(d38bfd43ee10fa1409bcbcefe52137c4) Importer(815301076,1909f56bfc062723c751e8b465ee728b)  -> (artifact id: '9f3282c76be2da6a0afc1c7c597eaf9a') in 0.015560 seconds
  Import took 0.018288 seconds .

========================================================================
Received Import Request.
  Time since last request: 0.000232 seconds.
  path: Assets/Prefabs/Level/Set Pieces/Lab Walls 3x3.prefab
  artifactKey: Guid(c78d7292c8e7bff40a030f961ed3ae59) Importer(815301076,1909f56bfc062723c751e8b465ee728b)
Start importing Assets/Prefabs/Level/Set Pieces/Lab Walls 3x3.prefab using Guid(c78d7292c8e7bff40a030f961ed3ae59) Importer(815301076,1909f56bfc062723c751e8b465ee728b)  -> (artifact id: 'b3c2a8940effef8aebf9d7bdd536eae3') in 0.015389 seconds
  Import took 0.018272 seconds .

========================================================================
Received Prepare
Registering precompiled user dll's ...
Registered in 0.001519 seconds.
Begin MonoManager ReloadAssembly
Native extension for LinuxStandalone target not found
Native extension for WindowsStandalone target not found
Native extension for OSXStandalone target not found
Native extension for WebGL target not found
Refreshing native plugins compatible for Editor in 0.40 ms, found 0 plugins.
Preloading 0 native plugins for Editor in 0.00 ms.
Invoked RoslynAnalysisRunner static constructor.
RoslynAnalysisRunner will not be running.
RoslynAnalysisRunner has terminated.
Mono: successfully reloaded assembly
- Completed reload, in  1.296 seconds
Platform modules already initialized, skipping
Refreshing native plugins compatible for Editor in 0.38 ms, found 0 plugins.
Preloading 0 native plugins for Editor in 0.00 ms.
Unloading 1128 Unused Serialized files (Serialized files now loaded: 0)
System memory in use before: 73.5 MB.
System memory in use after: 73.6 MB.

Unloading 5 unused Assets to reduce memory usage. Loaded Objects now: 1629.
Total: 2.311800 ms (FindLiveObjects: 0.183400 ms CreateObjectMapping: 0.065200 ms MarkObjects: 1.978700 ms  DeleteObjects: 0.083000 ms)

========================================================================
Received Import Request.
  Time since last request: 92.860287 seconds.
  path: Assets/Prefabs/Mobs/Nemling Alpha.prefab
  artifactKey: Guid(e4e8cf3c23758734c8fa099fad039757) Importer(815301076,1909f56bfc062723c751e8b465ee728b)
Start importing Assets/Prefabs/Mobs/Nemling Alpha.prefab using Guid(e4e8cf3c23758734c8fa099fad039757) Importer(815301076,1909f56bfc062723c751e8b465ee728b) Controller 'Nemling': Transition '' in state 'nem_panic' uses parameter 'isCowering' which does not exist in controller.
UnityEngine.StackTraceUtility:ExtractStackTrace ()
UnityEditor.EditorUtility:Internal_InstantiateRemoveAllNonAnimationComponentsSingle (UnityEngine.Object,UnityEngine.Vector3,UnityEngine.Quaternion)
UnityEditor.EditorUtility:InstantiateRemoveAllNonAnimationComponents (UnityEngine.Object,UnityEngine.Vector3,UnityEngine.Quaternion)
UnityEditor.EditorUtility:InstantiateForAnimatorPreview (UnityEngine.Object)
UnityEditor.GameObjectInspector/PreviewData:UpdateGameObject (UnityEngine.Object)
UnityEditor.GameObjectInspector/PreviewData:.ctor (UnityEngine.Object)
UnityEditor.GameObjectInspector:GetPreviewData ()
UnityEditor.GameObjectInspector:RenderStaticPreview (string,UnityEngine.Object[],int,int)
UnityEditor.AssetPreviewUpdater:CreatePreviewForAsset (UnityEngine.Object,UnityEngine.Object[],string)

[C:\buildslave\unity\build\Modules\Animation\AnimatorController.cpp line 871]

Controller 'Nemling': Transition '' in state 'nem_cower' uses parameter 'isCowering' which does not exist in controller.
UnityEngine.StackTraceUtility:ExtractStackTrace ()
UnityEditor.EditorUtility:Internal_InstantiateRemoveAllNonAnimationComponentsSingle (UnityEngine.Object,UnityEngine.Vector3,UnityEngine.Quaternion)
UnityEditor.EditorUtility:InstantiateRemoveAllNonAnimationComponents (UnityEngine.Object,UnityEngine.Vector3,UnityEngine.Quaternion)
UnityEditor.EditorUtility:InstantiateForAnimatorPreview (UnityEngine.Object)
UnityEditor.GameObjectInspector/PreviewData:UpdateGameObject (UnityEngine.Object)
UnityEditor.GameObjectInspector/PreviewData:.ctor (UnityEngine.Object)
UnityEditor.GameObjectInspector:GetPreviewData ()
UnityEditor.GameObjectInspector:RenderStaticPreview (string,UnityEngine.Object[],int,int)
UnityEditor.AssetPreviewUpdater:CreatePreviewForAsset (UnityEngine.Object,UnityEngine.Object[],string)

[C:\buildslave\unity\build\Modules\Animation\AnimatorController.cpp line 871]

 -> (artifact id: 'e17cf4909937d6ea92da26e3aa04dd86') in 0.093497 seconds
  Import took 0.097519 seconds .

========================================================================
Received Prepare
Registering precompiled user dll's ...
Registered in 0.001683 seconds.
Begin MonoManager ReloadAssembly
Native extension for LinuxStandalone target not found
Native extension for WindowsStandalone target not found
Native extension for OSXStandalone target not found
Native extension for WebGL target not found
Refreshing native plugins compatible for Editor in 0.52 ms, found 0 plugins.
Preloading 0 native plugins for Editor in 0.00 ms.
Invoked RoslynAnalysisRunner static constructor.
RoslynAnalysisRunner will not be running.
RoslynAnalysisRunner has terminated.
Mono: successfully reloaded assembly
- Completed reload, in  1.998 seconds
Platform modules already initialized, skipping
Refreshing native plugins compatible for Editor in 0.73 ms, found 0 plugins.
Preloading 0 native plugins for Editor in 0.00 ms.
Unloading 1128 Unused Serialized files (Serialized files now loaded: 0)
System memory in use before: 73.7 MB.
System memory in use after: 73.7 MB.

Unloading 5 unused Assets to reduce memory usage. Loaded Objects now: 1633.
Total: 3.753400 ms (FindLiveObjects: 0.451100 ms CreateObjectMapping: 0.092700 ms MarkObjects: 3.076800 ms  DeleteObjects: 0.130400 ms)

========================================================================
Received Import Request.
  Time since last request: 182.938741 seconds.
  path: Assets/Scripts/NewBehaviourScript.cs
  artifactKey: Guid(b6ca4541b1f29d043aaa026e77bceec7) Importer(815301076,1909f56bfc062723c751e8b465ee728b)
Start importing Assets/Scripts/NewBehaviourScript.cs using Guid(b6ca4541b1f29d043aaa026e77bceec7) Importer(815301076,1909f56bfc062723c751e8b465ee728b)  -> (artifact id: 'ff1668f8662fa75c78c7e203af200c4c') in 0.006421 seconds
  Import took 0.010250 seconds .

========================================================================
Received Prepare
Registering precompiled user dll's ...
Registered in 0.001306 seconds.
Begin MonoManager ReloadAssembly
Native extension for LinuxStandalone target not found
Native extension for WindowsStandalone target not found
Native extension for OSXStandalone target not found
Native extension for WebGL target not found
Refreshing native plugins compatible for Editor in 0.42 ms, found 0 plugins.
Preloading 0 native plugins for Editor in 0.00 ms.
Invoked RoslynAnalysisRunner static constructor.
RoslynAnalysisRunner will not be running.
RoslynAnalysisRunner has terminated.
Mono: successfully reloaded assembly
- Completed reload, in  1.349 seconds
Platform modules already initialized, skipping
Refreshing native plugins compatible for Editor in 0.40 ms, found 0 plugins.
Preloading 0 native plugins for Editor in 0.00 ms.
Unloading 1129 Unused Serialized files (Serialized files now loaded: 0)
System memory in use before: 73.7 MB.
System memory in use after: 73.8 MB.

Unloading 5 unused Assets to reduce memory usage. Loaded Objects now: 1637.
Total: 2.436100 ms (FindLiveObjects: 0.196500 ms CreateObjectMapping: 0.067300 ms MarkObjects: 2.085100 ms  DeleteObjects: 0.085600 ms)

========================================================================
Received Prepare
Registering precompiled user dll's ...
Registered in 0.001368 seconds.
Begin MonoManager ReloadAssembly
Native extension for LinuxStandalone target not found
Native extension for WindowsStandalone target not found
Native extension for OSXStandalone target not found
Native extension for WebGL target not found
Refreshing native plugins compatible for Editor in 0.37 ms, found 0 plugins.
Preloading 0 native plugins for Editor in 0.00 ms.
Invoked RoslynAnalysisRunner static constructor.
RoslynAnalysisRunner will not be running.
RoslynAnalysisRunner has terminated.
Mono: successfully reloaded assembly
- Completed reload, in  1.288 seconds
Platform modules already initialized, skipping
Refreshing native plugins compatible for Editor in 0.38 ms, found 0 plugins.
Preloading 0 native plugins for Editor in 0.00 ms.
Unloading 1128 Unused Serialized files (Serialized files now loaded: 0)
System memory in use before: 73.7 MB.
System memory in use after: 73.7 MB.

Unloading 6 unused Assets to reduce memory usage. Loaded Objects now: 1639.
Total: 5.556900 ms (FindLiveObjects: 1.351900 ms CreateObjectMapping: 0.215000 ms MarkObjects: 3.888000 ms  DeleteObjects: 0.098500 ms)

========================================================================
Received Import Request.
  Time since last request: 33.755019 seconds.
  path: Assets/Scripts/Mob_Brain.cs
  artifactKey: Guid(25170a94dec11a242beae391587df778) Importer(815301076,1909f56bfc062723c751e8b465ee728b)
Start importing Assets/Scripts/Mob_Brain.cs using Guid(25170a94dec11a242beae391587df778) Importer(815301076,1909f56bfc062723c751e8b465ee728b)  -> (artifact id: 'b81bccf43c97e0b92383f5d729b70078') in 0.007269 seconds
  Import took 0.012788 seconds .

========================================================================
Received Prepare
Registering precompiled user dll's ...
Registered in 0.001285 seconds.
Begin MonoManager ReloadAssembly
Native extension for LinuxStandalone target not found
Native extension for WindowsStandalone target not found
Native extension for OSXStandalone target not found
Native extension for WebGL target not found
Refreshing native plugins compatible for Editor in 0.37 ms, found 0 plugins.
Preloading 0 native plugins for Editor in 0.00 ms.
Invoked RoslynAnalysisRunner static constructor.
RoslynAnalysisRunner will not be running.
RoslynAnalysisRunner has terminated.
Mono: successfully reloaded assembly
- Completed reload, in  1.324 seconds
Platform modules already initialized, skipping
Refreshing native plugins compatible for Editor in 0.52 ms, found 0 plugins.
Preloading 0 native plugins for Editor in 0.00 ms.
Unloading 1129 Unused Serialized files (Serialized files now loaded: 0)
System memory in use before: 73.7 MB.
System memory in use after: 73.8 MB.

Unloading 5 unused Assets to reduce memory usage. Loaded Objects now: 1643.
Total: 2.402500 ms (FindLiveObjects: 0.186300 ms CreateObjectMapping: 0.067000 ms MarkObjects: 2.060500 ms  DeleteObjects: 0.087000 ms)

AssetImportWorkerClient::OnTransportError - code=2 error=End of file
